app/build/intermediates/manifest_merge_blame_file/release/processReleaseMainManifest/manifest-merger-blame-release-report.txt
1<?xml version="1.0" encoding="utf-8"?>
2<manifest xmlns:android="http://schemas.android.com/apk/res/android"
3    package="com.aifirewall.app"
4    android:versionCode="1"
5    android:versionName="1.0" >
6
7    <uses-sdk
8        android:minSdkVersion="28"
9        android:targetSdkVersion="34" />
10
11    <!-- Permissions required for future VPN/Firewall functionality -->
12    <uses-permission android:name="android.permission.INTERNET" />
12-->src\main\AndroidManifest.xml:6:5-67
12-->src\main\AndroidManifest.xml:6:22-64
13    <uses-permission android:name="android.permission.QUERY_ALL_PACKAGES" />
13-->src\main\AndroidManifest.xml:7:5-77
13-->src\main\AndroidManifest.xml:7:22-74
14    <uses-permission android:name="android.permission.ACCESS_NETWORK_STATE" />
14-->src\main\AndroidManifest.xml:8:5-79
14-->src\main\AndroidManifest.xml:8:22-76
15
16    <!-- Permissions for querying historical network data usage -->
17    <uses-permission android:name="android.permission.PACKAGE_USAGE_STATS" />
17-->src\main\AndroidManifest.xml:11:5-114
17-->src\main\AndroidManifest.xml:11:22-75
18    <uses-permission android:name="android.permission.READ_PHONE_STATE" />
18-->src\main\AndroidManifest.xml:12:5-75
18-->src\main\AndroidManifest.xml:12:22-72
19
20    <!-- Permissions for Foreground VPN Service -->
21    <uses-permission android:name="android.permission.FOREGROUND_SERVICE" />
21-->src\main\AndroidManifest.xml:15:5-77
21-->src\main\AndroidManifest.xml:15:22-74
22    <uses-permission android:name="android.permission.FOREGROUND_SERVICE_SPECIAL_USE" />
22-->src\main\AndroidManifest.xml:16:5-89
22-->src\main\AndroidManifest.xml:16:22-86
23    <uses-permission android:name="android.permission.POST_NOTIFICATIONS" />
23-->src\main\AndroidManifest.xml:17:5-77
23-->src\main\AndroidManifest.xml:17:22-74
24
25    <!-- Security and Biometrics -->
26    <uses-permission android:name="android.permission.USE_BIOMETRIC" />
26-->src\main\AndroidManifest.xml:20:5-72
26-->src\main\AndroidManifest.xml:20:22-69
27
28    <!-- suppress DeprecatedClassUsageInspection -->
29    <uses-permission android:name="android.permission.USE_FINGERPRINT" />
29-->[androidx.biometric:biometric:1.2.0-alpha05] AndroidManifest.xml:25:5-74
29-->[androidx.biometric:biometric:1.2.0-alpha05] AndroidManifest.xml:25:22-71
30
31    <permission
31-->[androidx.core:core:1.13.1] AndroidManifest.xml:22:5-24:47
32        android:name="com.aifirewall.app.DYNAMIC_RECEIVER_NOT_EXPORTED_PERMISSION"
32-->[androidx.core:core:1.13.1] AndroidManifest.xml:23:9-81
33        android:protectionLevel="signature" />
33-->[androidx.core:core:1.13.1] AndroidManifest.xml:24:9-44
34
35    <uses-permission android:name="com.aifirewall.app.DYNAMIC_RECEIVER_NOT_EXPORTED_PERMISSION" />
35-->[androidx.core:core:1.13.1] AndroidManifest.xml:26:5-97
35-->[androidx.core:core:1.13.1] AndroidManifest.xml:26:22-94
36
37    <application
37-->src\main\AndroidManifest.xml:22:5-54:19
38        android:name="com.aifirewall.app.AIFirewallApp"
38-->src\main\AndroidManifest.xml:23:9-38
39        android:allowBackup="true"
39-->src\main\AndroidManifest.xml:24:9-35
40        android:appComponentFactory="androidx.core.app.CoreComponentFactory"
40-->[androidx.core:core:1.13.1] AndroidManifest.xml:28:18-86
41        android:dataExtractionRules="@xml/data_extraction_rules"
41-->src\main\AndroidManifest.xml:25:9-65
42        android:extractNativeLibs="false"
43        android:fullBackupContent="@xml/backup_rules"
43-->src\main\AndroidManifest.xml:26:9-54
44        android:icon="@drawable/ic_launcher"
44-->src\main\AndroidManifest.xml:27:9-45
45        android:label="@string/app_name"
45-->src\main\AndroidManifest.xml:28:9-41
46        android:roundIcon="@drawable/ic_launcher"
46-->src\main\AndroidManifest.xml:29:9-50
47        android:supportsRtl="true"
47-->src\main\AndroidManifest.xml:30:9-35
48        android:theme="@style/Theme.AIFirewall" >
48-->src\main\AndroidManifest.xml:31:9-48
49        <service
49-->src\main\AndroidManifest.xml:34:9-43:19
50            android:name="com.aifirewall.app.engine.service.FirewallVpnService"
50-->src\main\AndroidManifest.xml:35:13-62
51            android:exported="false"
51-->src\main\AndroidManifest.xml:36:13-37
52            android:foregroundServiceType="specialUse"
52-->src\main\AndroidManifest.xml:37:13-55
53            android:permission="android.permission.BIND_VPN_SERVICE" >
53-->src\main\AndroidManifest.xml:38:13-69
54            <intent-filter>
54-->src\main\AndroidManifest.xml:39:13-41:29
55                <action android:name="android.net.VpnService" />
55-->src\main\AndroidManifest.xml:40:17-65
55-->src\main\AndroidManifest.xml:40:25-62
56            </intent-filter>
57
58            <property
58-->src\main\AndroidManifest.xml:42:13-105
59                android:name="android.app.PROPERTY_SPECIAL_USE_FGS_SUBTYPE"
59-->src\main\AndroidManifest.xml:42:23-82
60                android:value="vpn" />
60-->src\main\AndroidManifest.xml:42:83-102
61        </service>
62
63        <activity
63-->src\main\AndroidManifest.xml:45:9-53:20
64            android:name="com.aifirewall.app.MainActivity"
64-->src\main\AndroidManifest.xml:46:13-41
65            android:exported="true"
65-->src\main\AndroidManifest.xml:47:13-36
66            android:theme="@style/Theme.App.Starting" >
66-->src\main\AndroidManifest.xml:48:13-54
67            <intent-filter>
67-->src\main\AndroidManifest.xml:49:13-52:29
68                <action android:name="android.intent.action.MAIN" />
68-->src\main\AndroidManifest.xml:50:17-69
68-->src\main\AndroidManifest.xml:50:25-66
69
70                <category android:name="android.intent.category.LAUNCHER" />
70-->src\main\AndroidManifest.xml:51:17-77
70-->src\main\AndroidManifest.xml:51:27-74
71            </intent-filter>
72        </activity>
73
74        <provider
74-->[androidx.emoji2:emoji2:1.3.0] AndroidManifest.xml:24:9-32:20
75            android:name="androidx.startup.InitializationProvider"
75-->[androidx.emoji2:emoji2:1.3.0] AndroidManifest.xml:25:13-67
76            android:authorities="com.aifirewall.app.androidx-startup"
76-->[androidx.emoji2:emoji2:1.3.0] AndroidManifest.xml:26:13-68
77            android:exported="false" >
77-->[androidx.emoji2:emoji2:1.3.0] AndroidManifest.xml:27:13-37
78            <meta-data
78-->[androidx.emoji2:emoji2:1.3.0] AndroidManifest.xml:29:13-31:52
79                android:name="androidx.emoji2.text.EmojiCompatInitializer"
79-->[androidx.emoji2:emoji2:1.3.0] AndroidManifest.xml:30:17-75
80                android:value="androidx.startup" />
80-->[androidx.emoji2:emoji2:1.3.0] AndroidManifest.xml:31:17-49
81            <meta-data
81-->[androidx.lifecycle:lifecycle-process:2.8.2] AndroidManifest.xml:29:13-31:52
82                android:name="androidx.lifecycle.ProcessLifecycleInitializer"
82-->[androidx.lifecycle:lifecycle-process:2.8.2] AndroidManifest.xml:30:17-78
83                android:value="androidx.startup" />
83-->[androidx.lifecycle:lifecycle-process:2.8.2] AndroidManifest.xml:31:17-49
84            <meta-data
84-->[androidx.profileinstaller:profileinstaller:1.3.1] AndroidManifest.xml:29:13-31:52
85                android:name="androidx.profileinstaller.ProfileInstallerInitializer"
85-->[androidx.profileinstaller:profileinstaller:1.3.1] AndroidManifest.xml:30:17-85
86                android:value="androidx.startup" />
86-->[androidx.profileinstaller:profileinstaller:1.3.1] AndroidManifest.xml:31:17-49
87        </provider>
88
89        <service
89-->[androidx.room:room-runtime:2.6.1] AndroidManifest.xml:24:9-28:63
90            android:name="androidx.room.MultiInstanceInvalidationService"
90-->[androidx.room:room-runtime:2.6.1] AndroidManifest.xml:25:13-74
91            android:directBootAware="true"
91-->[androidx.room:room-runtime:2.6.1] AndroidManifest.xml:26:13-43
92            android:exported="false" />
92-->[androidx.room:room-runtime:2.6.1] AndroidManifest.xml:27:13-37
93
94        <receiver
94-->[androidx.profileinstaller:profileinstaller:1.3.1] AndroidManifest.xml:34:9-52:20
95            android:name="androidx.profileinstaller.ProfileInstallReceiver"
95-->[androidx.profileinstaller:profileinstaller:1.3.1] AndroidManifest.xml:35:13-76
96            android:directBootAware="false"
96-->[androidx.profileinstaller:profileinstaller:1.3.1] AndroidManifest.xml:36:13-44
97            android:enabled="true"
97-->[androidx.profileinstaller:profileinstaller:1.3.1] AndroidManifest.xml:37:13-35
98            android:exported="true"
98-->[androidx.profileinstaller:profileinstaller:1.3.1] AndroidManifest.xml:38:13-36
99            android:permission="android.permission.DUMP" >
99-->[androidx.profileinstaller:profileinstaller:1.3.1] AndroidManifest.xml:39:13-57
100            <intent-filter>
100-->[androidx.profileinstaller:profileinstaller:1.3.1] AndroidManifest.xml:40:13-42:29
101                <action android:name="androidx.profileinstaller.action.INSTALL_PROFILE" />
101-->[androidx.profileinstaller:profileinstaller:1.3.1] AndroidManifest.xml:41:17-91
101-->[androidx.profileinstaller:profileinstaller:1.3.1] AndroidManifest.xml:41:25-88
102            </intent-filter>
103            <intent-filter>
103-->[androidx.profileinstaller:profileinstaller:1.3.1] AndroidManifest.xml:43:13-45:29
104                <action android:name="androidx.profileinstaller.action.SKIP_FILE" />
104-->[androidx.profileinstaller:profileinstaller:1.3.1] AndroidManifest.xml:44:17-85
104-->[androidx.profileinstaller:profileinstaller:1.3.1] AndroidManifest.xml:44:25-82
105            </intent-filter>
106            <intent-filter>
106-->[androidx.profileinstaller:profileinstaller:1.3.1] AndroidManifest.xml:46:13-48:29
107                <action android:name="androidx.profileinstaller.action.SAVE_PROFILE" />
107-->[androidx.profileinstaller:profileinstaller:1.3.1] AndroidManifest.xml:47:17-88
107-->[androidx.profileinstaller:profileinstaller:1.3.1] AndroidManifest.xml:47:25-85
108            </intent-filter>
109            <intent-filter>
109-->[androidx.profileinstaller:profileinstaller:1.3.1] AndroidManifest.xml:49:13-51:29
110                <action android:name="androidx.profileinstaller.action.BENCHMARK_OPERATION" />
110-->[androidx.profileinstaller:profileinstaller:1.3.1] AndroidManifest.xml:50:17-95
110-->[androidx.profileinstaller:profileinstaller:1.3.1] AndroidManifest.xml:50:25-92
111            </intent-filter>
112        </receiver>
113    </application>
114
115</manifest>